.\src\EnvironmentalMonitoring.Worker\Properties\launchSettings.json의 시작 설정을 사용하는 중...
info: Microsoft.Hosting.Lifetime[0]
      Application started. Press Ctrl+C to shut down.
info: Microsoft.Hosting.Lifetime[0]
      Hosting environment: Development
info: Microsoft.Hosting.Lifetime[0]
      Content root path: C:\Users\thswo\Desktop\Environmental_Monitoring\src\EnvironmentalMonitoring.Worker
info: EnvironmentalMonitoring.Worker.Worker[0]
      Monitoring worker started with 3 devices and 10 channels. Default mode: OneSecond
info: EnvironmentalMonitoring.Worker.Worker[0]
      Runtime database path: C:\Users\thswo\AppData\Local\EnvironmentalMonitoring\runtime\data\environment-monitoring.db
info: EnvironmentalMonitoring.Worker.Worker[0]
      Acquisition stored at 04/20/2026 15:14:11 +09:00. Storage status: Storage healthy (Last write succeeded at 15:14:11)
info: EnvironmentalMonitoring.Worker.Worker[0]
      Acquisition stored at 04/20/2026 15:14:12 +09:00. Storage status: Storage healthy (Last write succeeded at 15:14:12)
info: EnvironmentalMonitoring.Worker.Worker[0]
      Acquisition stored at 04/20/2026 15:14:13 +09:00. Storage status: Storage healthy (Last write succeeded at 15:14:13)
info: EnvironmentalMonitoring.Worker.Worker[0]
      Acquisition stored at 04/20/2026 15:14:14 +09:00. Storage status: Storage healthy (Last write succeeded at 15:14:14)
info: EnvironmentalMonitoring.Worker.Worker[0]
      Acquisition stored at 04/20/2026 15:14:15 +09:00. Storage status: Storage healthy (Last write succeeded at 15:14:15)
info: EnvironmentalMonitoring.Worker.Worker[0]
      Acquisition stored at 04/20/2026 15:14:16 +09:00. Storage status: Storage healthy (Last write succeeded at 15:14:16)
info: EnvironmentalMonitoring.Worker.Worker[0]
      Acquisition stored at 04/20/2026 15:14:17 +09:00. Storage status: Storage healthy (Last write succeeded at 15:14:17)
info: EnvironmentalMonitoring.Worker.Worker[0]
      Acquisition stored at 04/20/2026 15:14:18 +09:00. Storage status: Storage healthy (Last write succeeded at 15:14:18)
info: EnvironmentalMonitoring.Worker.Worker[0]
      Acquisition stored at 04/20/2026 15:14:19 +09:00. Storage status: Storage healthy (Last write succeeded at 15:14:19)
info: EnvironmentalMonitoring.Worker.Worker[0]
      Acquisition stored at 04/20/2026 15:14:20 +09:00. Storage status: Storage healthy (Last write succeeded at 15:14:20)
info: EnvironmentalMonitoring.Worker.Worker[0]
      Acquisition stored at 04/20/2026 15:14:21 +09:00. Storage status: Storage healthy (Last write succeeded at 15:14:21)
